<?xml version="1.0" encoding="UTF-8"?>
<!-- Generated by org.testng.reporters.JUnitReportReporter -->
<testsuite hostname="DESKTOP-1SVTGQN" failures="0" tests="1" name="example.NewTest" time="0.001" errors="0" timestamp="11 Jul 2020 22:29:36 GMT" skipped="0">
  <testcase classname="example.NewTest" name="f" time="0.001"/>
</testsuite> <!-- example.NewTest -->
